1



            * * * * * * * * * * * * * * * * * * * * * * * * * * * 
            *                                                   *
            *                    C O N M I N                    *
            *                                                   *
            *                FORTRAN PROGRAM FOR                *
            *                                                   *
            *         CONSTRAINED FUNCTION MINIMIZATION         *
            *                                                   *
            * * * * * * * * * * * * * * * * * * * * * * * * * * * 




     UNCONSTRAINED FUNCTION MINIMIZATION

     CONTROL PARAMETERS

     IPRINT  NDV    ITMAX    NCON    NSIDE  ICNDIR   NSCAL   NFDG
       2       1   10000       0       0       2       0       1

     LINOBJ  ITRM     N1      N2      N3      N4      N5
       0       2       3       2       2       2       4

         CT              CTMIN           CTL             CTLMIN
     -0.10000E+00     0.40000E-02    -0.10000E-01     0.10000E-02

         THETA           PHI             DELFUN          DABFUN
      0.10000E+01     0.50000E+01     0.10000E-05     0.10000E-09

         FDCH            FDCHM           ALPHAX          ABOBJ1
      0.10000E-01     0.10000E-01     0.10000E+00     0.10000E+00


     INITIAL FUNCTION INFORMATION

     OBJ =   0.000000E+00

     DECISION VARIABLES (X-VECTOR)
       1)    0.00000E+00
 
